[Modules] Modules initializing
[Modules] Distribution: remote
[Modules] Host updates: enabled
[Modules] Module updates: enabled
[Modules] Module install path: /home/oskar/.config/discord/0.0.5/modules
[Modules] Module installed file path: /home/oskar/.config/discord/0.0.5/modules/installed.json
[Modules] Module download path: /home/oskar/.config/discord/0.0.5/modules/pending
[Modules] Bootstrapping...
[Modules] Installing discord_desktop_core@1 from /opt/discord/resources/bootstrap/discord_desktop_core.zip
[Modules] Installing discord_erlpack@1 from /opt/discord/resources/bootstrap/discord_erlpack.zip
[Modules] Installing discord_game_utils@1 from /opt/discord/resources/bootstrap/discord_game_utils.zip
[Modules] Installing discord_rpc@1 from /opt/discord/resources/bootstrap/discord_rpc.zip
[Modules] Installing discord_spellcheck@1 from /opt/discord/resources/bootstrap/discord_spellcheck.zip
[Modules] Installing discord_utils@1 from /opt/discord/resources/bootstrap/discord_utils.zip
[Modules] Installing discord_voice@1 from /opt/discord/resources/bootstrap/discord_voice.zip
[Modules] Finished module installations. [success: 7] [failure: 0]
[Modules] Checking for host updates.
[Modules] Host is up to date.
[Modules] Checking for module updates at https://discordapp.com/api/modules/stable/versions.json
[Modules] Module update available: discord_desktop_core@3 [installed: 1]
[Modules] Module update available: discord_utils@3 [installed: 1]
[Modules] Module update available: discord_voice@7 [installed: 1]
[Modules] Fetching discord_desktop_core@3 from https://discordapp.com/api/modules/stable/discord_desktop_core/3
[Modules] Streaming discord_desktop_core@3 [1677128 bytes] to /home/oskar/.config/discord/0.0.5/modules/pending/discord_desktop_core-3.zip
[Modules] Fetching discord_utils@3 from https://discordapp.com/api/modules/stable/discord_utils/3
[Modules] Streaming discord_utils@3 [992785 bytes] to /home/oskar/.config/discord/0.0.5/modules/pending/discord_utils-3.zip
[Modules] Fetching discord_voice@7 from https://discordapp.com/api/modules/stable/discord_voice/7
[Modules] Streaming discord_voice@7 [7433113 bytes] to /home/oskar/.config/discord/0.0.5/modules/pending/discord_voice-7.zip
[Modules] Finished module downloads. [success: 3] [failure: 0]
[Modules] Relaunching to install module updates...
[Modules] Modules initializing
[Modules] Distribution: remote
[Modules] Host updates: enabled
[Modules] Module updates: enabled
[Modules] Module install path: /home/oskar/.config/discord/0.0.5/modules
[Modules] Module installed file path: /home/oskar/.config/discord/0.0.5/modules/installed.json
[Modules] Module download path: /home/oskar/.config/discord/0.0.5/modules/pending
[Modules] Installing updates...
[Modules] Installing discord_desktop_core@3 from /home/oskar/.config/discord/0.0.5/modules/pending/discord_desktop_core-3.zip
[Modules] Installing discord_utils@3 from /home/oskar/.config/discord/0.0.5/modules/pending/discord_utils-3.zip
[Modules] Installing discord_voice@7 from /home/oskar/.config/discord/0.0.5/modules/pending/discord_voice-7.zip
[Modules] Finished module installations. [success: 3] [failure: 0]
[Modules] Checking for host updates.
[Modules] Host is up to date.
[Modules] Checking for module updates at https://discordapp.com/api/modules/stable/versions.json
[Modules] No module updates available.
[Modules] Starting to install discord_cloudsync...
[Modules] Fetching discord_cloudsync@0 from https://discordapp.com/api/modules/stable/discord_cloudsync/0
[Modules] Streaming discord_cloudsync@0 [255 bytes] to /home/oskar/.config/discord/0.0.5/modules/pending/discord_cloudsync-0.zip
[Modules] Finished module downloads. [success: 0] [failure: 1]
[Modules] Checking for host updates.
[Modules] Host is up to date.
[Modules] Checking for module updates at https://discordapp.com/api/modules/stable/versions.json
[Modules] No module updates available.
[Modules] Starting to install discord_contact_import...
[Modules] Fetching discord_contact_import@1 from https://discordapp.com/api/modules/stable/discord_contact_import/1
[Modules] Streaming discord_contact_import@1 [4039155 bytes] to /home/oskar/.config/discord/0.0.5/modules/pending/discord_contact_import-1.zip
[Modules] Finished module downloads. [success: 1] [failure: 0]
[Modules] Installing discord_contact_import@1 from /home/oskar/.config/discord/0.0.5/modules/pending/discord_contact_import-1.zip
[Modules] Finished module installations. [success: 1] [failure: 0]
[Modules] Modules initializing
[Modules] Distribution: remote
[Modules] Host updates: enabled
[Modules] Module updates: enabled
[Modules] Module install path: /home/oskar/.config/discord/0.0.5/modules
[Modules] Module installed file path: /home/oskar/.config/discord/0.0.5/modules/installed.json
[Modules] Module download path: /home/oskar/.config/discord/0.0.5/modules/pending
[Modules] No updates to install
[Modules] Checking for host updates.
[Modules] Host is up to date.
[Modules] Checking for module updates at https://discordapp.com/api/modules/stable/versions.json
[Modules] No module updates available.
[Modules] Starting to install discord_cloudsync...
[Modules] Fetching discord_cloudsync@0 from https://discordapp.com/api/modules/stable/discord_cloudsync/0
[Modules] Streaming discord_cloudsync@0 [255 bytes] to /home/oskar/.config/discord/0.0.5/modules/pending/discord_cloudsync-0.zip
[Modules] Finished module downloads. [success: 0] [failure: 1]
[Modules] Checking for host updates.
[Modules] Host is up to date.
[Modules] Checking for module updates at https://discordapp.com/api/modules/stable/versions.json
[Modules] No module updates available.
[Modules] Modules initializing
[Modules] Distribution: remote
[Modules] Host updates: enabled
[Modules] Module updates: enabled
[Modules] Module install path: /home/oskar/.config/discord/0.0.5/modules
[Modules] Module installed file path: /home/oskar/.config/discord/0.0.5/modules/installed.json
[Modules] Module download path: /home/oskar/.config/discord/0.0.5/modules/pending
[Modules] No updates to install
[Modules] Checking for host updates.
[Modules] Host is up to date.
[Modules] Checking for module updates at https://discordapp.com/api/modules/stable/versions.json
[Modules] No module updates available.
[Modules] Starting to install discord_cloudsync...
[Modules] Fetching discord_cloudsync@0 from https://discordapp.com/api/modules/stable/discord_cloudsync/0
[Modules] Streaming discord_cloudsync@0 [255 bytes] to /home/oskar/.config/discord/0.0.5/modules/pending/discord_cloudsync-0.zip
[Modules] Finished module downloads. [success: 0] [failure: 1]
[Modules] Checking for host updates.
[Modules] Host is up to date.
[Modules] Checking for module updates at https://discordapp.com/api/modules/stable/versions.json
[Modules] No module updates available.
