DEBUG 10/13/2018, 3:20:56 PM  initSentry
INFO 10/13/2018, 3:20:56 PM  luanchFromDiffVersion, pre version is undefined
INFO 10/13/2018, 3:20:56 PM  overwriteThemeFolder
INFO 10/13/2018, 3:20:56 PM  cannot parse user config, use the default one
INFO 10/13/2018, 3:20:56 PM  ------------------start------------------
INFO 10/13/2018, 3:20:56 PM  typora version: 0.9.58
DEBUG 10/13/2018, 3:20:56 PM  [ '/usr/bin/typora' ]
DEBUG 10/13/2018, 3:20:56 PM  /usr/share/typora/locales/Base.lproj/Menu.json
DEBUG 10/13/2018, 3:20:56 PM  app.openFile
DEBUG 10/13/2018, 3:20:56 PM  [ 'github.css',
  'newsprint.css',
  'night.css',
  'pixyll.css',
  'whitey.css' ]
INFO 10/13/2018, 3:21:18 PM  window.File && (function(){        File.setTheme();    })();
INFO 10/13/2018, 3:22:04 PM  window.File && (function(){File.option.enableInlineMath = true;})();
INFO 10/13/2018, 3:22:08 PM  window.File && (function(){File.option.enableSuperscript = true;})();
INFO 10/13/2018, 3:22:11 PM  window.File && (function(){File.option.enableHighlight = true;})();
INFO 10/13/2018, 3:22:36 PM  window.File && (function(){File.option.showLineNumbersForFence = true;})();
INFO 10/13/2018, 3:23:05 PM  window.File && (function(){File.option.autoPairExtendSymbol = true;})();
INFO 10/13/2018, 3:23:26 PM  window.File && (function() {            File.option.prettyIndent = true;        })();
INFO 10/13/2018, 3:23:27 PM  window.File && (function() {            File.option.prettyIndent = false;        })();
INFO 10/13/2018, 3:23:48 PM  window.File && (function(){File.option.enableAutoSave = true;})();
INFO 10/13/2018, 4:40:26 PM  ------------------quit------------------
DEBUG 10/14/2018, 11:56:59 AM  initSentry
INFO 10/14/2018, 11:56:59 AM  ------------------start------------------
INFO 10/14/2018, 11:56:59 AM  typora version: 0.9.58
DEBUG 10/14/2018, 11:56:59 AM  [ '/usr/bin/typora' ]
DEBUG 10/14/2018, 11:56:59 AM  /usr/share/typora/locales/Base.lproj/Menu.json
DEBUG 10/14/2018, 11:56:59 AM  [ 'github.css',
  'newsprint.css',
  'night.css',
  'pixyll.css',
  'whitey.css' ]
DEBUG 10/14/2018, 11:56:59 AM  reopen file
DEBUG 10/14/2018, 11:56:59 AM  reopenClosed
DEBUG 10/14/2018, 11:56:59 AM  app.openFile
INFO 10/14/2018, 11:57:02 AM  ------------------quit------------------
DEBUG 10/15/2018, 9:19:46 PM  initSentry
INFO 10/15/2018, 9:19:46 PM  ------------------start------------------
INFO 10/15/2018, 9:19:46 PM  typora version: 0.9.58
DEBUG 10/15/2018, 9:19:46 PM  [ '/usr/bin/typora' ]
DEBUG 10/15/2018, 9:19:46 PM  /usr/share/typora/locales/Base.lproj/Menu.json
DEBUG 10/15/2018, 9:19:46 PM  [ 'github.css',
  'newsprint.css',
  'night.css',
  'pixyll.css',
  'whitey.css' ]
DEBUG 10/15/2018, 9:19:46 PM  reopen file
DEBUG 10/15/2018, 9:19:46 PM  reopenClosed
DEBUG 10/15/2018, 9:19:46 PM  app.openFile
INFO 10/15/2018, 9:20:48 PM  ------------------quit------------------
DEBUG 10/23/2018, 5:49:51 PM  initSentry
INFO 10/23/2018, 5:49:51 PM  ------------------start------------------
INFO 10/23/2018, 5:49:51 PM  typora version: 0.9.58
DEBUG 10/23/2018, 5:49:51 PM  [ '/usr/bin/typora', '/home/oskar/MEGA/2g/Fysik/Opgave.md' ]
DEBUG 10/23/2018, 5:49:51 PM  app.openFile
INFO 10/23/2018, 5:49:51 PM  addRecentDocument
DEBUG 10/23/2018, 5:49:51 PM  /usr/share/typora/locales/Base.lproj/Menu.json
DEBUG 10/23/2018, 5:49:51 PM  [ 'github.css',
  'newsprint.css',
  'night.css',
  'pixyll.css',
  'whitey.css' ]
INFO 10/23/2018, 5:50:32 PM  ------------------quit------------------
DEBUG 10/23/2018, 5:50:45 PM  initSentry
INFO 10/23/2018, 5:50:45 PM  ------------------start------------------
INFO 10/23/2018, 5:50:45 PM  typora version: 0.9.58
DEBUG 10/23/2018, 5:50:45 PM  [ '/usr/bin/typora',
  '/home/oskar/MEGA/2g/Kemi/Redoxkemi/Redoxreaktioner.md' ]
DEBUG 10/23/2018, 5:50:45 PM  app.openFile
INFO 10/23/2018, 5:50:45 PM  addRecentDocument
DEBUG 10/23/2018, 5:50:45 PM  /usr/share/typora/locales/Base.lproj/Menu.json
DEBUG 10/23/2018, 5:50:45 PM  [ 'github.css',
  'newsprint.css',
  'night.css',
  'pixyll.css',
  'whitey.css' ]
INFO 10/23/2018, 5:50:50 PM  ------------------quit------------------
DEBUG 10/23/2018, 5:51:01 PM  initSentry
INFO 10/23/2018, 5:51:01 PM  ------------------start------------------
INFO 10/23/2018, 5:51:01 PM  typora version: 0.9.58
DEBUG 10/23/2018, 5:51:01 PM  [ '/usr/bin/typora',
  '/home/oskar/MEGA/2g/Kemi/Redoxkemi/spendingsrækken oppg.md' ]
DEBUG 10/23/2018, 5:51:01 PM  app.openFile
INFO 10/23/2018, 5:51:01 PM  addRecentDocument
DEBUG 10/23/2018, 5:51:02 PM  /usr/share/typora/locales/Base.lproj/Menu.json
DEBUG 10/23/2018, 5:51:02 PM  [ 'github.css',
  'newsprint.css',
  'night.css',
  'pixyll.css',
  'whitey.css' ]
INFO 10/23/2018, 5:51:06 PM  ------------------quit------------------
DEBUG 10/23/2018, 5:51:10 PM  initSentry
INFO 10/23/2018, 5:51:10 PM  ------------------start------------------
INFO 10/23/2018, 5:51:10 PM  typora version: 0.9.58
DEBUG 10/23/2018, 5:51:10 PM  [ '/usr/bin/typora',
  '/home/oskar/MEGA/2g/Kemi/Redoxkemi/oxidationstal.md' ]
DEBUG 10/23/2018, 5:51:10 PM  app.openFile
INFO 10/23/2018, 5:51:10 PM  addRecentDocument
DEBUG 10/23/2018, 5:51:11 PM  /usr/share/typora/locales/Base.lproj/Menu.json
DEBUG 10/23/2018, 5:51:11 PM  [ 'github.css',
  'newsprint.css',
  'night.css',
  'pixyll.css',
  'whitey.css' ]
INFO 10/23/2018, 5:51:14 PM  ------------------quit------------------
DEBUG 10/23/2018, 5:51:19 PM  initSentry
INFO 10/23/2018, 5:51:19 PM  ------------------start------------------
INFO 10/23/2018, 5:51:19 PM  typora version: 0.9.58
DEBUG 10/23/2018, 5:51:19 PM  [ '/usr/bin/typora',
  '/home/oskar/MEGA/2g/Kemi/Redoxkemi/opsamling redoxkemi.md' ]
DEBUG 10/23/2018, 5:51:19 PM  app.openFile
INFO 10/23/2018, 5:51:19 PM  addRecentDocument
DEBUG 10/23/2018, 5:51:19 PM  /usr/share/typora/locales/Base.lproj/Menu.json
DEBUG 10/23/2018, 5:51:19 PM  [ 'github.css',
  'newsprint.css',
  'night.css',
  'pixyll.css',
  'whitey.css' ]
INFO 10/23/2018, 7:03:13 PM  ------------------quit------------------
