VirtualBox XPCOM Server 5.2.20 r125587 linux.amd64 (Oct 16 2018 14:03:25) release log
00:00:00.000278 main     Log opened 2018-11-04T15:02:15.401991000Z
00:00:00.000279 main     Build Type: release
00:00:00.000281 main     OS Product: Linux
00:00:00.000282 main     OS Release: 4.18.16-arch1-1-ARCH
00:00:00.000282 main     OS Version: #1 SMP PREEMPT Sat Oct 20 22:06:45 UTC 2018
00:00:00.000306 main     DMI Product Name: UX530UQ
00:00:00.000353 main     DMI Product Version: 1.0       
00:00:00.000400 main     Host RAM: 15922MB (15.5GB) total, 15450MB (15.0GB) available
00:00:00.000402 main     Executable: /usr/lib/virtualbox/VBoxSVC
00:00:00.000403 main     Process ID: 3351
00:00:00.000403 main     Package type: LINUX_64BITS_GENERIC (OSE)
00:00:00.001800 main     IPC socket path: /tmp/.vbox-oskar-ipc/ipcd
00:00:00.108848 nspr-2   VirtualBox: object creation starts
00:00:00.109102 nspr-2   Home directory: '/home/oskar/.config/VirtualBox'
00:00:00.109537 nspr-2   Loading settings file "/home/oskar/.config/VirtualBox/VirtualBox.xml" with version "1.12-linux"
00:00:00.116513 nspr-2   Failed to retrive disk info: getDiskName(/dev/mapper/volgroup0-lv_root) --> volgroup0-lv_root
00:00:00.129730 nspr-2   NetIfAdpCtlOut: VBoxNetAdpCtl: Error while retrieving link speed for wlp2s0: VBoxNetAdpCtl: ioctl failed: Operation not supported
00:00:00.131712 nspr-2   NAT: resolv.conf: nameserver 192.168.212.1
00:00:00.131798 nspr-2   NAT: resolv.conf: nameserver 2001:4600:4:1fff::253
00:00:00.131814 nspr-2   NAT: resolv.conf: nameserver 2001:4600:4:fff::253
00:00:00.131846 nspr-2   HostDnsMonitor: old information
00:00:00.131855 nspr-2     no server entries
00:00:00.131864 nspr-2     no domain set
00:00:00.131871 nspr-2     no search string entries
00:00:00.131879 nspr-2   HostDnsMonitor: new information
00:00:00.131887 nspr-2     server 1: 192.168.212.1
00:00:00.131897 nspr-2     server 2: 2001:4600:4:1fff::253
00:00:00.131905 nspr-2     server 3: 2001:4600:4:fff::253
00:00:00.131913 nspr-2     domain: local
00:00:00.131921 nspr-2     search string 1: local
00:00:00.131929 nspr-2     search string 2: test.example.com
00:00:00.131943 nspr-2   HostDnsMonitorProxy::notify
00:00:00.140531 nspr-2   VD: VDInit finished with VINF_SUCCESS
00:00:00.140784 nspr-2   ERROR [COM]: aRC=NS_ERROR_FAILURE (0x80004005) aIID={0eb668d2-495e-5a36-8890-29999b5f030c} aComponent={SystemPropertiesWrap} aText={Cannot determine default Guest Additions ISO location. Most likely they are not available}, preserve=false aResultDetail=0
00:00:00.148580 nspr-2   Loading settings file "/home/oskar/VirtualBox VMs/windows/windows.vbox" with version "1.15-linux"
00:00:00.150179 nspr-2   VirtualBox: object created
00:00:03.038679 nspr-5   WARNING [COM]: aRC=NS_ERROR_FAILURE (0x80004005) aIID={afca788c-4477-787d-60b2-3fa70e56fbbc} aComponent={HostWrap} aText={VirtualBox is not currently allowed to access USB devices.  You can change this by adding your user to the 'vboxusers' group.  Please see the user manual for a more detailed explanation}, preserve=true  aResultDetail=0
00:00:03.039657 nspr-5   WARNING [COM]: aRC=NS_ERROR_FAILURE (0x80004005) aIID={afca788c-4477-787d-60b2-3fa70e56fbbc} aComponent={HostWrap} aText={VirtualBox is not currently allowed to access USB devices.  You can change this by adding your user to the 'vboxusers' group.  Please see the user manual for a more detailed explanation}, preserve=true  aResultDetail=0
00:00:03.039902 nspr-6   ERROR [COM]: aRC=VBOX_E_OBJECT_NOT_FOUND (0x80bb0001) aIID={edba9d10-45d8-b440-1712-46ac0c9bc4c5} aComponent={ExtPackManagerWrap} aText={No extension pack by the name 'Oracle VM VirtualBox Extension Pack' was found}, preserve=false aResultDetail=0
00:00:03.055143 nspr-7   ERROR [COM]: aRC=VBOX_E_IPRT_ERROR (0x80bb0005) aIID={85cd948e-a71f-4289-281e-0ca7ad48cd89} aComponent={SessionMachine} aText={Saved screenshot data is not available (VERR_NOT_SUPPORTED)}, preserve=false aResultDetail=0
00:00:03.061464 nspr-6   NetIfAdpCtlOut: VBoxNetAdpCtl: Error while retrieving link speed for wlp2s0: VBoxNetAdpCtl: ioctl failed: Operation not supported
00:00:03.117176 nspr-7   WARNING [COM]: aRC=NS_ERROR_FAILURE (0x80004005) aIID={afca788c-4477-787d-60b2-3fa70e56fbbc} aComponent={HostWrap} aText={VirtualBox is not currently allowed to access USB devices.  You can change this by adding your user to the 'vboxusers' group.  Please see the user manual for a more detailed explanation}, preserve=true  aResultDetail=0
00:01:48.402689 nspr-5   Saving settings file "/home/oskar/.config/VirtualBox/VirtualBox.xml" with version "1.12-linux"
00:01:48.409320 nspr-7   Saving settings file "/home/oskar/.config/VirtualBox/VirtualBox.xml" with version "1.12-linux"
00:01:48.417567 nspr-7   Saving settings file "/home/oskar/.config/VirtualBox/VirtualBox.xml" with version "1.12-linux"
00:01:48.423902 nspr-4   Saving settings file "/home/oskar/.config/VirtualBox/VirtualBox.xml" with version "1.12-linux"
00:35:02.690144 nspr-2   Saving settings file "/home/oskar/VirtualBox VMs/windows/windows.vbox" with version "1.15-linux"
00:35:08.236199 main     VirtualBox: object deletion starts
00:35:08.236316 main     ERROR [COM]: aRC=VBOX_E_OBJECT_IN_USE (0x80bb000c) aIID={4afe423b-43e0-e9d0-82e8-ceb307940dda} aComponent={MediumWrap} aText={Medium '/home/oskar/VirtualBox VMs/windows/windows.vdi' cannot be closed because it is still attached to 1 virtual machines}, preserve=false aResultDetail=0
00:35:08.699199 Watcher  ERROR [COM]: aRC=E_ACCESSDENIED (0x80070005) aIID={9570b9d5-f1a1-448a-10c5-e12f5285adad} aComponent={VirtualBoxWrap} aText={The object is not ready}, preserve=false aResultDetail=0
00:35:13.237432 main     {00007f91d00165a0} HostPowerServiceLinux::~HostPowerServiceLinux: RTThreadWait() for 5000 ms failed with VERR_TIMEOUT
00:35:13.238093 main     VirtualBox: object deleted
